<?xml version="1.0" encoding="UTF-8"?>
<testsuite xmlns:xsi="http://www.w3.org/2001/XMLSchema-instance" xsi:noNamespaceSchemaLocation="https://maven.apache.org/surefire/maven-surefire-plugin/xsd/surefire-test-report-3.0.xsd" version="3.0" name="com.mycompany.jeu_dames.TableauDeJeuTest" time="0.161" tests="14" errors="0" skipped="0" failures="12">
  <properties>
[...]
</properties>
  <testcase name="testGetCarte" classname="com.mycompany.jeu_dames.TableauDeJeuTest" time="0.045">
    <failure message="expected array was &lt;null&gt;" type="org.opentest4j.AssertionFailedError"><![CDATA[org.opentest4j.AssertionFailedError: expected array was <null>
	at org.junit.jupiter.api.AssertionFailureBuilder.build(AssertionFailureBuilder.java:152)
	at org.junit.jupiter.api.AssertionFailureBuilder.buildAndThrow(AssertionFailureBuilder.java:132)
	at org.junit.jupiter.api.AssertArrayEquals.failExpectedArrayIsNull(AssertArrayEquals.java:409)
	at org.junit.jupiter.api.AssertArrayEquals.assertArraysNotNull(AssertArrayEquals.java:398)
	at org.junit.jupiter.api.AssertArrayEquals.assertArrayEquals(AssertArrayEquals.java:334)
	at org.junit.jupiter.api.AssertArrayEquals.assertArrayEquals(AssertArrayEquals.java:159)
	at org.junit.jupiter.api.AssertArrayEquals.assertArrayEquals(AssertArrayEquals.java:155)
	at org.junit.jupiter.api.Assertions.assertArrayEquals(Assertions.java:1456)
	at com.mycompany.jeu_dames.TableauDeJeuTest.testGetCarte(TableauDeJeuTest.java:151)
	at java.base/java.lang.reflect.Method.invoke(Method.java:580)
	at java.base/java.util.ArrayList.forEach(ArrayList.java:1597)
	at java.base/java.util.ArrayList.forEach(ArrayList.java:1597)
]]></failure>
    <system-out><![CDATA[getCarte
]]></system-out>
  </testcase>
  <testcase name="testCreerTableau" classname="com.mycompany.jeu_dames.TableauDeJeuTest" time="0.003">
    <system-out><![CDATA[creerTableau
]]></system-out>
  </testcase>
  <testcase name="testChargerPartie" classname="com.mycompany.jeu_dames.TableauDeJeuTest" time="0.003">
    <failure message="The test case is a prototype." type="org.opentest4j.AssertionFailedError"><![CDATA[org.opentest4j.AssertionFailedError: The test case is a prototype.
	at org.junit.jupiter.api.AssertionUtils.fail(AssertionUtils.java:38)
	at org.junit.jupiter.api.Assertions.fail(Assertions.java:138)
	at com.mycompany.jeu_dames.TableauDeJeuTest.testChargerPartie(TableauDeJeuTest.java:89)
	at java.base/java.lang.reflect.Method.invoke(Method.java:580)
	at java.base/java.util.ArrayList.forEach(ArrayList.java:1597)
	at java.base/java.util.ArrayList.forEach(ArrayList.java:1597)
]]></failure>
    <system-out><![CDATA[chargerPartie
]]></system-out>
  </testcase>
  <testcase name="testSauvegarderPartie" classname="com.mycompany.jeu_dames.TableauDeJeuTest" time="0.003">
    <failure message="The test case is a prototype." type="org.opentest4j.AssertionFailedError"><![CDATA[org.opentest4j.AssertionFailedError: The test case is a prototype.
	at org.junit.jupiter.api.AssertionUtils.fail(AssertionUtils.java:38)
	at org.junit.jupiter.api.Assertions.fail(Assertions.java:138)
	at com.mycompany.jeu_dames.TableauDeJeuTest.testSauvegarderPartie(TableauDeJeuTest.java:77)
	at java.base/java.lang.reflect.Method.invoke(Method.java:580)
	at java.base/java.util.ArrayList.forEach(ArrayList.java:1597)
	at java.base/java.util.ArrayList.forEach(ArrayList.java:1597)
]]></failure>
    <system-out><![CDATA[sauvegarderPartie
]]></system-out>
  </testcase>
  <testcase name="testGetPeonBlanc" classname="com.mycompany.jeu_dames.TableauDeJeuTest" time="0.006">
    <failure message="expected: &lt;null&gt; but was: &lt;[]&gt;" type="org.opentest4j.AssertionFailedError"><![CDATA[org.opentest4j.AssertionFailedError: expected: <null> but was: <[]>
	at org.junit.jupiter.api.AssertionFailureBuilder.build(AssertionFailureBuilder.java:151)
	at org.junit.jupiter.api.AssertionFailureBuilder.buildAndThrow(AssertionFailureBuilder.java:132)
	at org.junit.jupiter.api.AssertEquals.failNotEqual(AssertEquals.java:197)
	at org.junit.jupiter.api.AssertEquals.assertEquals(AssertEquals.java:182)
	at org.junit.jupiter.api.AssertEquals.assertEquals(AssertEquals.java:177)
	at org.junit.jupiter.api.Assertions.assertEquals(Assertions.java:1145)
	at com.mycompany.jeu_dames.TableauDeJeuTest.testGetPeonBlanc(TableauDeJeuTest.java:205)
	at java.base/java.lang.reflect.Method.invoke(Method.java:580)
	at java.base/java.util.ArrayList.forEach(ArrayList.java:1597)
	at java.base/java.util.ArrayList.forEach(ArrayList.java:1597)
]]></failure>
    <system-out><![CDATA[getPeonBlanc
]]></system-out>
  </testcase>
  <testcase name="testCheminEstLibre" classname="com.mycompany.jeu_dames.TableauDeJeuTest" time="0.002">
    <failure message="expected: &lt;false&gt; but was: &lt;true&gt;" type="org.opentest4j.AssertionFailedError"><![CDATA[org.opentest4j.AssertionFailedError: expected: <false> but was: <true>
	at org.junit.jupiter.api.AssertionFailureBuilder.build(AssertionFailureBuilder.java:151)
	at org.junit.jupiter.api.AssertionFailureBuilder.buildAndThrow(AssertionFailureBuilder.java:132)
	at org.junit.jupiter.api.AssertEquals.failNotEqual(AssertEquals.java:197)
	at org.junit.jupiter.api.AssertEquals.assertEquals(AssertEquals.java:182)
	at org.junit.jupiter.api.AssertEquals.assertEquals(AssertEquals.java:177)
	at org.junit.jupiter.api.Assertions.assertEquals(Assertions.java:1145)
	at com.mycompany.jeu_dames.TableauDeJeuTest.testCheminEstLibre(TableauDeJeuTest.java:130)
	at java.base/java.lang.reflect.Method.invoke(Method.java:580)
	at java.base/java.util.ArrayList.forEach(ArrayList.java:1597)
	at java.base/java.util.ArrayList.forEach(ArrayList.java:1597)
]]></failure>
    <system-out><![CDATA[cheminEstLibre
]]></system-out>
  </testcase>
  <testcase name="testRemovePeon" classname="com.mycompany.jeu_dames.TableauDeJeuTest" time="0.002">
    <failure message="The test case is a prototype." type="org.opentest4j.AssertionFailedError"><![CDATA[org.opentest4j.AssertionFailedError: The test case is a prototype.
	at org.junit.jupiter.api.AssertionUtils.fail(AssertionUtils.java:38)
	at org.junit.jupiter.api.Assertions.fail(Assertions.java:138)
	at com.mycompany.jeu_dames.TableauDeJeuTest.testRemovePeon(TableauDeJeuTest.java:115)
	at java.base/java.lang.reflect.Method.invoke(Method.java:580)
	at java.base/java.util.ArrayList.forEach(ArrayList.java:1597)
	at java.base/java.util.ArrayList.forEach(ArrayList.java:1597)
]]></failure>
    <system-out><![CDATA[removePeon
]]></system-out>
  </testcase>
  <testcase name="testSetPeonBlanc" classname="com.mycompany.jeu_dames.TableauDeJeuTest" time="0.003">
    <failure message="The test case is a prototype." type="org.opentest4j.AssertionFailedError"><![CDATA[org.opentest4j.AssertionFailedError: The test case is a prototype.
	at org.junit.jupiter.api.AssertionUtils.fail(AssertionUtils.java:38)
	at org.junit.jupiter.api.Assertions.fail(Assertions.java:138)
	at com.mycompany.jeu_dames.TableauDeJeuTest.testSetPeonBlanc(TableauDeJeuTest.java:220)
	at java.base/java.lang.reflect.Method.invoke(Method.java:580)
	at java.base/java.util.ArrayList.forEach(ArrayList.java:1597)
	at java.base/java.util.ArrayList.forEach(ArrayList.java:1597)
]]></failure>
    <system-out><![CDATA[setPeonBlanc
]]></system-out>
  </testcase>
  <testcase name="testAfficheTableau" classname="com.mycompany.jeu_dames.TableauDeJeuTest" time="0.011">
    <system-out><![CDATA[afficheTableau
     0  1  2  3  4  5  6  7  8  9  
A    0  N  0  N  0  N  0  N  0  N  
B    N  0  N  0  N  0  N  0  N  0  
C    0  N  0  N  0  N  0  N  0  N  
D    N  0  N  0  N  0  N  0  N  0  
E    0  0  0  0  0  0  0  0  0  0  
F    0  0  0  0  0  0  0  0  0  0  
G    0  B  0  B  0  B  0  B  0  B  
H    B  0  B  0  B  0  B  0  B  0  
I    0  B  0  B  0  B  0  B  0  B  
J    B  0  B  0  B  0  B  0  B  0  
]]></system-out>
  </testcase>
  <testcase name="testTourDeJeu" classname="com.mycompany.jeu_dames.TableauDeJeuTest" time="0.002">
    <failure message="The test case is a prototype." type="org.opentest4j.AssertionFailedError"><![CDATA[org.opentest4j.AssertionFailedError: The test case is a prototype.
	at org.junit.jupiter.api.AssertionUtils.fail(AssertionUtils.java:38)
	at org.junit.jupiter.api.Assertions.fail(Assertions.java:138)
	at com.mycompany.jeu_dames.TableauDeJeuTest.testTourDeJeu(TableauDeJeuTest.java:65)
	at java.base/java.lang.reflect.Method.invoke(Method.java:580)
	at java.base/java.util.ArrayList.forEach(ArrayList.java:1597)
	at java.base/java.util.ArrayList.forEach(ArrayList.java:1597)
]]></failure>
    <system-out><![CDATA[tourDeJeu
Choississez le peon que vous voulez changer de position: 
]]></system-out>
  </testcase>
  <testcase name="testSetPeonNoir" classname="com.mycompany.jeu_dames.TableauDeJeuTest" time="0.003">
    <failure message="The test case is a prototype." type="org.opentest4j.AssertionFailedError"><![CDATA[org.opentest4j.AssertionFailedError: The test case is a prototype.
	at org.junit.jupiter.api.AssertionUtils.fail(AssertionUtils.java:38)
	at org.junit.jupiter.api.Assertions.fail(Assertions.java:138)
	at com.mycompany.jeu_dames.TableauDeJeuTest.testSetPeonNoir(TableauDeJeuTest.java:193)
	at java.base/java.lang.reflect.Method.invoke(Method.java:580)
	at java.base/java.util.ArrayList.forEach(ArrayList.java:1597)
	at java.base/java.util.ArrayList.forEach(ArrayList.java:1597)
]]></failure>
    <system-out><![CDATA[setPeonNoir
]]></system-out>
  </testcase>
  <testcase name="testGetPeonNoir" classname="com.mycompany.jeu_dames.TableauDeJeuTest" time="0.002">
    <failure message="expected: &lt;null&gt; but was: &lt;[]&gt;" type="org.opentest4j.AssertionFailedError"><![CDATA[org.opentest4j.AssertionFailedError: expected: <null> but was: <[]>
	at org.junit.jupiter.api.AssertionFailureBuilder.build(AssertionFailureBuilder.java:151)
	at org.junit.jupiter.api.AssertionFailureBuilder.buildAndThrow(AssertionFailureBuilder.java:132)
	at org.junit.jupiter.api.AssertEquals.failNotEqual(AssertEquals.java:197)
	at org.junit.jupiter.api.AssertEquals.assertEquals(AssertEquals.java:182)
	at org.junit.jupiter.api.AssertEquals.assertEquals(AssertEquals.java:177)
	at org.junit.jupiter.api.Assertions.assertEquals(Assertions.java:1145)
	at com.mycompany.jeu_dames.TableauDeJeuTest.testGetPeonNoir(TableauDeJeuTest.java:178)
	at java.base/java.lang.reflect.Method.invoke(Method.java:580)
	at java.base/java.util.ArrayList.forEach(ArrayList.java:1597)
	at java.base/java.util.ArrayList.forEach(ArrayList.java:1597)
]]></failure>
    <system-out><![CDATA[getPeonNoir
]]></system-out>
  </testcase>
  <testcase name="testVerifierFinPartie" classname="com.mycompany.jeu_dames.TableauDeJeuTest" time="0.002">
    <failure message="The test case is a prototype." type="org.opentest4j.AssertionFailedError"><![CDATA[org.opentest4j.AssertionFailedError: The test case is a prototype.
	at org.junit.jupiter.api.AssertionUtils.fail(AssertionUtils.java:38)
	at org.junit.jupiter.api.Assertions.fail(Assertions.java:138)
	at com.mycompany.jeu_dames.TableauDeJeuTest.testVerifierFinPartie(TableauDeJeuTest.java:101)
	at java.base/java.lang.reflect.Method.invoke(Method.java:580)
	at java.base/java.util.ArrayList.forEach(ArrayList.java:1597)
	at java.base/java.util.ArrayList.forEach(ArrayList.java:1597)
]]></failure>
    <system-out><![CDATA[verifierFinPartie
]]></system-out>
  </testcase>
  <testcase name="testSetCarte" classname="com.mycompany.jeu_dames.TableauDeJeuTest" time="0.003">
    <failure message="The test case is a prototype." type="org.opentest4j.AssertionFailedError"><![CDATA[org.opentest4j.AssertionFailedError: The test case is a prototype.
	at org.junit.jupiter.api.AssertionUtils.fail(AssertionUtils.java:38)
	at org.junit.jupiter.api.Assertions.fail(Assertions.java:138)
	at com.mycompany.jeu_dames.TableauDeJeuTest.testSetCarte(TableauDeJeuTest.java:166)
	at java.base/java.lang.reflect.Method.invoke(Method.java:580)
	at java.base/java.util.ArrayList.forEach(ArrayList.java:1597)
	at java.base/java.util.ArrayList.forEach(ArrayList.java:1597)
]]></failure>
    <system-out><![CDATA[setCarte
]]></system-out>
  </testcase>
</testsuite>